<?xml version='1.0' encoding='UTF-8'?>
<testsuite hostname="MAALDE1-mSFT3" name="com.microsoft.azure.cosmosdb.kafka.connect.sink.CosmosDBSinkSettingsTest" tests="10" errors="0" failures="0" skipped="0" time="0.066" timestamp="2019-04-12T20:27:51">
                     <properties>
[...]
</properties>
                     <testcase classname="com.microsoft.azure.cosmosdb.kafka.connect.sink.CosmosDBSinkSettingsTest" name="CosmosDBSinkSettings should throws an exception if endpoint is empty" time="0.05">
                                                 
                                               </testcase><testcase classname="com.microsoft.azure.cosmosdb.kafka.connect.sink.CosmosDBSinkSettingsTest" name="CosmosDBSinkSettings should throws an exception if masterkey is empty" time="0.002">
                                                 
                                               </testcase><testcase classname="com.microsoft.azure.cosmosdb.kafka.connect.sink.CosmosDBSinkSettingsTest" name="CosmosDBSinkSettings should throws an exception if database is empty" time="0.001">
                                                 
                                               </testcase><testcase classname="com.microsoft.azure.cosmosdb.kafka.connect.sink.CosmosDBSinkSettingsTest" name="CosmosDBSinkSettings should throws an exception if collection is empty" time="0.001">
                                                 
                                               </testcase><testcase classname="com.microsoft.azure.cosmosdb.kafka.connect.sink.CosmosDBSinkSettingsTest" name="CosmosDBSinkSettings should throws an exception if topic name is empty" time="0.001">
                                                 
                                               </testcase><testcase classname="com.microsoft.azure.cosmosdb.kafka.connect.sink.CosmosDBSinkSettingsTest" name="CosmosDBSinkSettings should createDatabase &amp;&amp; createCollection should be false if no setting provided" time="0.009">
                                                 
                                               </testcase><testcase classname="com.microsoft.azure.cosmosdb.kafka.connect.sink.CosmosDBSinkSettingsTest" name="CosmosDBSinkSettings should set createDatabase flag if value is set to true" time="0.0">
                                                 
                                               </testcase><testcase classname="com.microsoft.azure.cosmosdb.kafka.connect.sink.CosmosDBSinkSettingsTest" name="CosmosDBSinkSettings should set createCollection flag if value is set to true" time="0.0">
                                                 
                                               </testcase><testcase classname="com.microsoft.azure.cosmosdb.kafka.connect.sink.CosmosDBSinkSettingsTest" name="CosmosDBSinkSettings should should throw an exception if createDatabase is neither &quot;true&quot; or &quot;false" time="0.001">
                                                 
                                               </testcase><testcase classname="com.microsoft.azure.cosmosdb.kafka.connect.sink.CosmosDBSinkSettingsTest" name="CosmosDBSinkSettings should should throw an exception if createCollection is neither &quot;true&quot; or &quot;false" time="0.001">
                                                 
                                               </testcase>
                     <system-out><![CDATA[]]></system-out>
                     <system-err><![CDATA[]]></system-err>
                   </testsuite>